app/build/intermediates/manifest_merge_blame_file/debug/manifest-merger-blame-debug-report.txt
1<?xml version="1.0" encoding="utf-8"?>
2<manifest xmlns:android="http://schemas.android.com/apk/res/android"
3    package="com.cardscannerio"
4    android:versionCode="1"
5    android:versionName="1.0" >
6
7    <uses-sdk
8        android:minSdkVersion="16"
8-->src\main\AndroidManifest.xml
9        android:targetSdkVersion="30" />
9-->src\main\AndroidManifest.xml
10
11    <uses-permission android:name="android.permission.DISABLE_KEYGUARD" />
11-->src\main\AndroidManifest.xml:5:5-74
11-->src\main\AndroidManifest.xml:5:22-72
12    <uses-permission android:name="android.permission.CAMERA" />
12-->[io.card:android-sdk:5.5.1] AndroidManifest.xml:9:5-65
12-->[io.card:android-sdk:5.5.1] AndroidManifest.xml:9:22-62
13    <uses-permission android:name="android.permission.VIBRATE" />
13-->[io.card:android-sdk:5.5.1] AndroidManifest.xml:10:5-66
13-->[io.card:android-sdk:5.5.1] AndroidManifest.xml:10:22-63
14
15    <uses-feature
15-->[io.card:android-sdk:5.5.1] AndroidManifest.xml:12:5-14:36
16        android:name="android.hardware.camera"
16-->[io.card:android-sdk:5.5.1] AndroidManifest.xml:13:9-47
17        android:required="false" />
17-->[io.card:android-sdk:5.5.1] AndroidManifest.xml:14:9-33
18    <uses-feature
18-->[io.card:android-sdk:5.5.1] AndroidManifest.xml:15:5-17:36
19        android:name="android.hardware.camera.autofocus"
19-->[io.card:android-sdk:5.5.1] AndroidManifest.xml:16:9-57
20        android:required="false" />
20-->[io.card:android-sdk:5.5.1] AndroidManifest.xml:17:9-33
21
22    <application
22-->src\main\AndroidManifest.xml:7:5-22:19
23        android:name="com.cardscannerio.CardScannerIOApplication"
23-->src\main\AndroidManifest.xml:8:9-49
24        android:allowBackup="true"
24-->src\main\AndroidManifest.xml:9:9-35
25        android:appComponentFactory="androidx.core.app.CoreComponentFactory"
25-->[androidx.core:core:1.6.0] AndroidManifest.xml:24:18-86
26        android:debuggable="true"
27        android:icon="@mipmap/ic_launcher"
27-->src\main\AndroidManifest.xml:10:9-43
28        android:label="@string/app_name"
28-->src\main\AndroidManifest.xml:11:9-41
29        android:roundIcon="@mipmap/ic_launcher_round"
29-->src\main\AndroidManifest.xml:12:9-54
30        android:supportsRtl="true"
30-->src\main\AndroidManifest.xml:13:9-35
31        android:testOnly="true"
32        android:theme="@style/Theme.CardScannerIO" >
32-->src\main\AndroidManifest.xml:14:9-51
33        <activity android:name="com.cardscannerio.MainActivity" >
33-->src\main\AndroidManifest.xml:15:9-21:20
33-->src\main\AndroidManifest.xml:15:19-47
34            <intent-filter>
34-->src\main\AndroidManifest.xml:16:13-20:29
35                <action android:name="android.intent.action.MAIN" />
35-->src\main\AndroidManifest.xml:17:17-69
35-->src\main\AndroidManifest.xml:17:25-66
36
37                <category android:name="android.intent.category.LAUNCHER" />
37-->src\main\AndroidManifest.xml:19:17-77
37-->src\main\AndroidManifest.xml:19:27-74
38            </intent-filter>
39        </activity>
40        <activity
40-->[io.card:android-sdk:5.5.1] AndroidManifest.xml:20:9-22:66
41            android:name="io.card.payment.CardIOActivity"
41-->[io.card:android-sdk:5.5.1] AndroidManifest.xml:21:13-58
42            android:configChanges="keyboardHidden|orientation" />
42-->[io.card:android-sdk:5.5.1] AndroidManifest.xml:22:13-63
43        <activity android:name="io.card.payment.DataEntryActivity" />
43-->[io.card:android-sdk:5.5.1] AndroidManifest.xml:23:9-70
43-->[io.card:android-sdk:5.5.1] AndroidManifest.xml:23:19-67
44    </application>
45
46</manifest>